mode: set
github.com/tiagofur/solennix-backend/internal/repository/admin_repo.go:17.50,19.2 1 1
github.com/tiagofur/solennix-backend/internal/repository/admin_repo.go:66.83,71.16 3 1
github.com/tiagofur/solennix-backend/internal/repository/admin_repo.go:71.16,73.3 1 1
github.com/tiagofur/solennix-backend/internal/repository/admin_repo.go:75.2,76.16 2 0
github.com/tiagofur/solennix-backend/internal/repository/admin_repo.go:76.16,78.3 1 0
github.com/tiagofur/solennix-backend/internal/repository/admin_repo.go:80.2,81.16 2 0
github.com/tiagofur/solennix-backend/internal/repository/admin_repo.go:81.16,83.3 1 0
github.com/tiagofur/solennix-backend/internal/repository/admin_repo.go:85.2,86.16 2 0
github.com/tiagofur/solennix-backend/internal/repository/admin_repo.go:86.16,88.3 1 0
github.com/tiagofur/solennix-backend/internal/repository/admin_repo.go:91.2,92.16 2 0
github.com/tiagofur/solennix-backend/internal/repository/admin_repo.go:92.16,94.3 1 0
github.com/tiagofur/solennix-backend/internal/repository/admin_repo.go:96.2,97.16 2 0
github.com/tiagofur/solennix-backend/internal/repository/admin_repo.go:97.16,99.3 1 0
github.com/tiagofur/solennix-backend/internal/repository/admin_repo.go:101.2,102.16 2 0
github.com/tiagofur/solennix-backend/internal/repository/admin_repo.go:102.16,104.3 1 0
github.com/tiagofur/solennix-backend/internal/repository/admin_repo.go:107.2,113.16 6 0
github.com/tiagofur/solennix-backend/internal/repository/admin_repo.go:113.16,115.3 1 0
github.com/tiagofur/solennix-backend/internal/repository/admin_repo.go:117.2,118.16 2 0
github.com/tiagofur/solennix-backend/internal/repository/admin_repo.go:118.16,120.3 1 0
github.com/tiagofur/solennix-backend/internal/repository/admin_repo.go:122.2,123.16 2 0
github.com/tiagofur/solennix-backend/internal/repository/admin_repo.go:123.16,125.3 1 0
github.com/tiagofur/solennix-backend/internal/repository/admin_repo.go:128.2,129.16 2 0
github.com/tiagofur/solennix-backend/internal/repository/admin_repo.go:129.16,131.3 1 0
github.com/tiagofur/solennix-backend/internal/repository/admin_repo.go:133.2,133.19 1 0
github.com/tiagofur/solennix-backend/internal/repository/admin_repo.go:137.75,153.16 3 1
github.com/tiagofur/solennix-backend/internal/repository/admin_repo.go:153.16,155.3 1 1
github.com/tiagofur/solennix-backend/internal/repository/admin_repo.go:156.2,159.18 3 0
github.com/tiagofur/solennix-backend/internal/repository/admin_repo.go:159.18,167.17 3 0
github.com/tiagofur/solennix-backend/internal/repository/admin_repo.go:167.17,169.4 1 0
github.com/tiagofur/solennix-backend/internal/repository/admin_repo.go:170.3,170.27 1 0
github.com/tiagofur/solennix-backend/internal/repository/admin_repo.go:172.2,172.35 1 0
github.com/tiagofur/solennix-backend/internal/repository/admin_repo.go:172.35,174.3 1 0
github.com/tiagofur/solennix-backend/internal/repository/admin_repo.go:176.2,176.19 1 0
github.com/tiagofur/solennix-backend/internal/repository/admin_repo.go:180.88,202.16 4 1
github.com/tiagofur/solennix-backend/internal/repository/admin_repo.go:202.16,204.3 1 1
github.com/tiagofur/solennix-backend/internal/repository/admin_repo.go:206.2,206.16 1 0
github.com/tiagofur/solennix-backend/internal/repository/admin_repo.go:211.112,214.16 3 1
github.com/tiagofur/solennix-backend/internal/repository/admin_repo.go:214.16,216.3 1 1
github.com/tiagofur/solennix-backend/internal/repository/admin_repo.go:217.2,217.29 1 0
github.com/tiagofur/solennix-backend/internal/repository/admin_repo.go:217.29,219.3 1 0
github.com/tiagofur/solennix-backend/internal/repository/admin_repo.go:220.2,220.12 1 0
github.com/tiagofur/solennix-backend/internal/repository/admin_repo.go:226.73,238.16 3 1
github.com/tiagofur/solennix-backend/internal/repository/admin_repo.go:238.16,240.3 1 1
github.com/tiagofur/solennix-backend/internal/repository/admin_repo.go:241.2,241.37 1 0
github.com/tiagofur/solennix-backend/internal/repository/admin_repo.go:245.96,253.16 4 1
github.com/tiagofur/solennix-backend/internal/repository/admin_repo.go:253.16,255.3 1 1
github.com/tiagofur/solennix-backend/internal/repository/admin_repo.go:256.2,256.21 1 0
github.com/tiagofur/solennix-backend/internal/repository/admin_repo.go:260.97,264.16 3 1
github.com/tiagofur/solennix-backend/internal/repository/admin_repo.go:264.16,266.3 1 1
github.com/tiagofur/solennix-backend/internal/repository/admin_repo.go:268.2,269.16 2 0
github.com/tiagofur/solennix-backend/internal/repository/admin_repo.go:269.16,271.3 1 0
github.com/tiagofur/solennix-backend/internal/repository/admin_repo.go:273.2,274.16 2 0
github.com/tiagofur/solennix-backend/internal/repository/admin_repo.go:274.16,276.3 1 0
github.com/tiagofur/solennix-backend/internal/repository/admin_repo.go:278.2,279.16 2 0
github.com/tiagofur/solennix-backend/internal/repository/admin_repo.go:279.16,281.3 1 0
github.com/tiagofur/solennix-backend/internal/repository/admin_repo.go:283.2,284.16 2 0
github.com/tiagofur/solennix-backend/internal/repository/admin_repo.go:284.16,286.3 1 0
github.com/tiagofur/solennix-backend/internal/repository/admin_repo.go:288.2,289.16 2 0
github.com/tiagofur/solennix-backend/internal/repository/admin_repo.go:289.16,291.3 1 0
github.com/tiagofur/solennix-backend/internal/repository/admin_repo.go:293.2,294.16 2 0
github.com/tiagofur/solennix-backend/internal/repository/admin_repo.go:294.16,296.3 1 0
github.com/tiagofur/solennix-backend/internal/repository/admin_repo.go:298.2,298.22 1 0
github.com/tiagofur/solennix-backend/internal/repository/client_repo.go:16.52,18.2 1 1
github.com/tiagofur/solennix-backend/internal/repository/client_repo.go:19.88,24.2 4 1
github.com/tiagofur/solennix-backend/internal/repository/client_repo.go:26.93,31.16 3 1
github.com/tiagofur/solennix-backend/internal/repository/client_repo.go:31.16,33.3 1 1
github.com/tiagofur/solennix-backend/internal/repository/client_repo.go:34.2,37.18 3 0
github.com/tiagofur/solennix-backend/internal/repository/client_repo.go:37.18,41.44 2 0
github.com/tiagofur/solennix-backend/internal/repository/client_repo.go:41.44,43.4 1 0
github.com/tiagofur/solennix-backend/internal/repository/client_repo.go:44.3,44.31 1 0
github.com/tiagofur/solennix-backend/internal/repository/client_repo.go:46.2,46.35 1 0
github.com/tiagofur/solennix-backend/internal/repository/client_repo.go:46.35,48.3 1 0
github.com/tiagofur/solennix-backend/internal/repository/client_repo.go:49.2,49.21 1 0
github.com/tiagofur/solennix-backend/internal/repository/client_repo.go:52.97,61.16 4 1
github.com/tiagofur/solennix-backend/internal/repository/client_repo.go:61.16,63.3 1 1
github.com/tiagofur/solennix-backend/internal/repository/client_repo.go:64.2,64.15 1 0
github.com/tiagofur/solennix-backend/internal/repository/client_repo.go:67.74,74.2 2 1
github.com/tiagofur/solennix-backend/internal/repository/client_repo.go:76.74,83.2 2 1
github.com/tiagofur/solennix-backend/internal/repository/client_repo.go:85.78,87.16 2 1
github.com/tiagofur/solennix-backend/internal/repository/client_repo.go:87.16,89.3 1 1
github.com/tiagofur/solennix-backend/internal/repository/client_repo.go:90.2,90.29 1 0
github.com/tiagofur/solennix-backend/internal/repository/client_repo.go:90.29,92.3 1 0
github.com/tiagofur/solennix-backend/internal/repository/client_repo.go:93.2,93.12 1 0
github.com/tiagofur/solennix-backend/internal/repository/client_repo.go:97.107,113.16 4 1
github.com/tiagofur/solennix-backend/internal/repository/client_repo.go:113.16,115.3 1 1
github.com/tiagofur/solennix-backend/internal/repository/client_repo.go:116.2,119.18 3 0
github.com/tiagofur/solennix-backend/internal/repository/client_repo.go:119.18,123.44 2 0
github.com/tiagofur/solennix-backend/internal/repository/client_repo.go:123.44,125.4 1 0
github.com/tiagofur/solennix-backend/internal/repository/client_repo.go:126.3,126.31 1 0
github.com/tiagofur/solennix-backend/internal/repository/client_repo.go:128.2,128.35 1 0
github.com/tiagofur/solennix-backend/internal/repository/client_repo.go:128.35,130.3 1 0
github.com/tiagofur/solennix-backend/internal/repository/client_repo.go:132.2,132.20 1 0
github.com/tiagofur/solennix-backend/internal/repository/client_repo.go:132.20,134.3 1 0
github.com/tiagofur/solennix-backend/internal/repository/client_repo.go:136.2,136.21 1 0
github.com/tiagofur/solennix-backend/internal/repository/device_repo.go:16.52,18.2 1 0
github.com/tiagofur/solennix-backend/internal/repository/device_repo.go:22.123,35.16 4 0
github.com/tiagofur/solennix-backend/internal/repository/device_repo.go:35.16,37.3 1 0
github.com/tiagofur/solennix-backend/internal/repository/device_repo.go:38.2,38.20 1 0
github.com/tiagofur/solennix-backend/internal/repository/device_repo.go:42.92,45.16 3 0
github.com/tiagofur/solennix-backend/internal/repository/device_repo.go:45.16,47.3 1 0
github.com/tiagofur/solennix-backend/internal/repository/device_repo.go:48.2,48.29 1 0
github.com/tiagofur/solennix-backend/internal/repository/device_repo.go:48.29,50.3 1 0
github.com/tiagofur/solennix-backend/internal/repository/device_repo.go:51.2,51.12 1 0
github.com/tiagofur/solennix-backend/internal/repository/device_repo.go:55.103,63.16 3 0
github.com/tiagofur/solennix-backend/internal/repository/device_repo.go:63.16,65.3 1 0
github.com/tiagofur/solennix-backend/internal/repository/device_repo.go:66.2,69.18 3 0
github.com/tiagofur/solennix-backend/internal/repository/device_repo.go:69.18,71.104 2 0
github.com/tiagofur/solennix-backend/internal/repository/device_repo.go:71.104,73.4 1 0
github.com/tiagofur/solennix-backend/internal/repository/device_repo.go:74.3,74.31 1 0
github.com/tiagofur/solennix-backend/internal/repository/device_repo.go:76.2,76.21 1 0
github.com/tiagofur/solennix-backend/internal/repository/device_repo.go:80.88,83.16 3 0
github.com/tiagofur/solennix-backend/internal/repository/device_repo.go:83.16,85.3 1 0
github.com/tiagofur/solennix-backend/internal/repository/device_repo.go:86.2,86.12 1 0
github.com/tiagofur/solennix-backend/internal/repository/event_repo.go:19.50,21.2 1 1
github.com/tiagofur/solennix-backend/internal/repository/event_repo.go:32.52,42.2 3 0
github.com/tiagofur/solennix-backend/internal/repository/event_repo.go:44.61,56.23 5 1
github.com/tiagofur/solennix-backend/internal/repository/event_repo.go:56.23,58.25 2 0
github.com/tiagofur/solennix-backend/internal/repository/event_repo.go:58.25,60.4 1 0
github.com/tiagofur/solennix-backend/internal/repository/event_repo.go:62.2,62.15 1 1
github.com/tiagofur/solennix-backend/internal/repository/event_repo.go:65.91,70.16 3 1
github.com/tiagofur/solennix-backend/internal/repository/event_repo.go:70.16,72.3 1 1
github.com/tiagofur/solennix-backend/internal/repository/event_repo.go:73.2,76.18 3 0
github.com/tiagofur/solennix-backend/internal/repository/event_repo.go:76.18,78.17 2 0
github.com/tiagofur/solennix-backend/internal/repository/event_repo.go:78.17,80.4 1 0
github.com/tiagofur/solennix-backend/internal/repository/event_repo.go:81.3,81.29 1 0
github.com/tiagofur/solennix-backend/internal/repository/event_repo.go:83.2,83.35 1 0
github.com/tiagofur/solennix-backend/internal/repository/event_repo.go:83.35,85.3 1 0
github.com/tiagofur/solennix-backend/internal/repository/event_repo.go:86.2,86.20 1 0
github.com/tiagofur/solennix-backend/internal/repository/event_repo.go:89.118,95.16 3 1
github.com/tiagofur/solennix-backend/internal/repository/event_repo.go:95.16,97.3 1 1
github.com/tiagofur/solennix-backend/internal/repository/event_repo.go:98.2,101.18 3 0
github.com/tiagofur/solennix-backend/internal/repository/event_repo.go:101.18,103.17 2 0
github.com/tiagofur/solennix-backend/internal/repository/event_repo.go:103.17,105.4 1 0
github.com/tiagofur/solennix-backend/internal/repository/event_repo.go:106.3,106.29 1 0
github.com/tiagofur/solennix-backend/internal/repository/event_repo.go:108.2,108.35 1 0
github.com/tiagofur/solennix-backend/internal/repository/event_repo.go:108.35,110.3 1 0
github.com/tiagofur/solennix-backend/internal/repository/event_repo.go:111.2,111.20 1 0
github.com/tiagofur/solennix-backend/internal/repository/event_repo.go:114.108,118.16 3 1
github.com/tiagofur/solennix-backend/internal/repository/event_repo.go:118.16,120.3 1 1
github.com/tiagofur/solennix-backend/internal/repository/event_repo.go:121.2,124.18 3 0
github.com/tiagofur/solennix-backend/internal/repository/event_repo.go:124.18,133.17 3 0
github.com/tiagofur/solennix-backend/internal/repository/event_repo.go:133.17,135.4 1 0
github.com/tiagofur/solennix-backend/internal/repository/event_repo.go:136.3,136.29 1 0
github.com/tiagofur/solennix-backend/internal/repository/event_repo.go:138.2,138.35 1 0
github.com/tiagofur/solennix-backend/internal/repository/event_repo.go:138.35,140.3 1 0
github.com/tiagofur/solennix-backend/internal/repository/event_repo.go:141.2,141.20 1 0
github.com/tiagofur/solennix-backend/internal/repository/event_repo.go:144.95,149.16 3 1
github.com/tiagofur/solennix-backend/internal/repository/event_repo.go:149.16,151.3 1 1
github.com/tiagofur/solennix-backend/internal/repository/event_repo.go:152.2,152.16 1 0
github.com/tiagofur/solennix-backend/internal/repository/event_repo.go:155.107,161.16 3 1
github.com/tiagofur/solennix-backend/internal/repository/event_repo.go:161.16,163.3 1 1
github.com/tiagofur/solennix-backend/internal/repository/event_repo.go:164.2,167.18 3 0
github.com/tiagofur/solennix-backend/internal/repository/event_repo.go:167.18,169.17 2 0
github.com/tiagofur/solennix-backend/internal/repository/event_repo.go:169.17,171.4 1 0
github.com/tiagofur/solennix-backend/internal/repository/event_repo.go:172.3,172.29 1 0
github.com/tiagofur/solennix-backend/internal/repository/event_repo.go:174.2,174.35 1 0
github.com/tiagofur/solennix-backend/internal/repository/event_repo.go:174.35,176.3 1 0
github.com/tiagofur/solennix-backend/internal/repository/event_repo.go:177.2,177.20 1 0
github.com/tiagofur/solennix-backend/internal/repository/event_repo.go:180.91,187.16 4 1
github.com/tiagofur/solennix-backend/internal/repository/event_repo.go:187.16,189.3 1 1
github.com/tiagofur/solennix-backend/internal/repository/event_repo.go:190.2,190.19 1 0
github.com/tiagofur/solennix-backend/internal/repository/event_repo.go:193.72,196.46 2 1
github.com/tiagofur/solennix-backend/internal/repository/event_repo.go:196.46,198.3 1 1
github.com/tiagofur/solennix-backend/internal/repository/event_repo.go:199.2,199.42 1 1
github.com/tiagofur/solennix-backend/internal/repository/event_repo.go:199.42,201.3 1 1
github.com/tiagofur/solennix-backend/internal/repository/event_repo.go:203.2,203.26 1 1
github.com/tiagofur/solennix-backend/internal/repository/event_repo.go:203.26,205.3 1 1
github.com/tiagofur/solennix-backend/internal/repository/event_repo.go:206.2,218.16 3 1
github.com/tiagofur/solennix-backend/internal/repository/event_repo.go:218.16,221.3 2 1
github.com/tiagofur/solennix-backend/internal/repository/event_repo.go:222.2,222.12 1 0
github.com/tiagofur/solennix-backend/internal/repository/event_repo.go:225.72,228.46 2 1
github.com/tiagofur/solennix-backend/internal/repository/event_repo.go:228.46,230.3 1 1
github.com/tiagofur/solennix-backend/internal/repository/event_repo.go:231.2,231.42 1 1
github.com/tiagofur/solennix-backend/internal/repository/event_repo.go:231.42,233.3 1 1
github.com/tiagofur/solennix-backend/internal/repository/event_repo.go:235.2,235.26 1 1
github.com/tiagofur/solennix-backend/internal/repository/event_repo.go:235.26,237.3 1 1
github.com/tiagofur/solennix-backend/internal/repository/event_repo.go:238.2,249.36 2 1
github.com/tiagofur/solennix-backend/internal/repository/event_repo.go:252.77,254.16 2 1
github.com/tiagofur/solennix-backend/internal/repository/event_repo.go:254.16,256.3 1 1
github.com/tiagofur/solennix-backend/internal/repository/event_repo.go:257.2,257.29 1 0
github.com/tiagofur/solennix-backend/internal/repository/event_repo.go:257.29,259.3 1 0
github.com/tiagofur/solennix-backend/internal/repository/event_repo.go:260.2,260.12 1 0
github.com/tiagofur/solennix-backend/internal/repository/event_repo.go:265.86,272.2 3 1
github.com/tiagofur/solennix-backend/internal/repository/event_repo.go:276.104,282.16 3 1
github.com/tiagofur/solennix-backend/internal/repository/event_repo.go:282.16,284.3 1 1
github.com/tiagofur/solennix-backend/internal/repository/event_repo.go:285.2,288.18 3 0
github.com/tiagofur/solennix-backend/internal/repository/event_repo.go:288.18,291.93 2 0
github.com/tiagofur/solennix-backend/internal/repository/event_repo.go:291.93,293.4 1 0
github.com/tiagofur/solennix-backend/internal/repository/event_repo.go:294.3,294.34 1 0
github.com/tiagofur/solennix-backend/internal/repository/event_repo.go:296.2,296.35 1 0
github.com/tiagofur/solennix-backend/internal/repository/event_repo.go:296.35,298.3 1 0
github.com/tiagofur/solennix-backend/internal/repository/event_repo.go:299.2,299.22 1 0
github.com/tiagofur/solennix-backend/internal/repository/event_repo.go:302.100,306.16 3 1
github.com/tiagofur/solennix-backend/internal/repository/event_repo.go:306.16,308.3 1 1
github.com/tiagofur/solennix-backend/internal/repository/event_repo.go:309.2,312.18 3 0
github.com/tiagofur/solennix-backend/internal/repository/event_repo.go:312.18,315.62 2 0
github.com/tiagofur/solennix-backend/internal/repository/event_repo.go:315.62,317.4 1 0
github.com/tiagofur/solennix-backend/internal/repository/event_repo.go:318.3,318.30 1 0
github.com/tiagofur/solennix-backend/internal/repository/event_repo.go:320.2,320.35 1 0
github.com/tiagofur/solennix-backend/internal/repository/event_repo.go:320.35,322.3 1 0
github.com/tiagofur/solennix-backend/internal/repository/event_repo.go:323.2,323.20 1 0
github.com/tiagofur/solennix-backend/internal/repository/event_repo.go:329.136,332.16 2 1
github.com/tiagofur/solennix-backend/internal/repository/event_repo.go:332.16,334.3 1 1
github.com/tiagofur/solennix-backend/internal/repository/event_repo.go:335.2,338.97 2 0
github.com/tiagofur/solennix-backend/internal/repository/event_repo.go:338.97,340.3 1 0
github.com/tiagofur/solennix-backend/internal/repository/event_repo.go:341.2,341.95 1 0
github.com/tiagofur/solennix-backend/internal/repository/event_repo.go:341.95,343.3 1 0
github.com/tiagofur/solennix-backend/internal/repository/event_repo.go:346.2,346.29 1 0
github.com/tiagofur/solennix-backend/internal/repository/event_repo.go:346.29,351.17 2 0
github.com/tiagofur/solennix-backend/internal/repository/event_repo.go:351.17,353.4 1 0
github.com/tiagofur/solennix-backend/internal/repository/event_repo.go:357.2,357.27 1 0
github.com/tiagofur/solennix-backend/internal/repository/event_repo.go:357.27,362.17 2 0
github.com/tiagofur/solennix-backend/internal/repository/event_repo.go:362.17,364.4 1 0
github.com/tiagofur/solennix-backend/internal/repository/event_repo.go:368.2,368.22 1 0
github.com/tiagofur/solennix-backend/internal/repository/event_repo.go:368.22,369.99 1 0
github.com/tiagofur/solennix-backend/internal/repository/event_repo.go:369.99,371.4 1 0
github.com/tiagofur/solennix-backend/internal/repository/event_repo.go:372.3,372.33 1 0
github.com/tiagofur/solennix-backend/internal/repository/event_repo.go:372.33,377.18 2 0
github.com/tiagofur/solennix-backend/internal/repository/event_repo.go:377.18,379.5 1 0
github.com/tiagofur/solennix-backend/internal/repository/event_repo.go:384.2,384.21 1 0
github.com/tiagofur/solennix-backend/internal/repository/event_repo.go:384.21,385.98 1 0
github.com/tiagofur/solennix-backend/internal/repository/event_repo.go:385.98,387.4 1 0
github.com/tiagofur/solennix-backend/internal/repository/event_repo.go:388.3,388.31 1 0
github.com/tiagofur/solennix-backend/internal/repository/event_repo.go:388.31,391.30 2 0
github.com/tiagofur/solennix-backend/internal/repository/event_repo.go:391.30,393.5 1 0
github.com/tiagofur/solennix-backend/internal/repository/event_repo.go:394.4,398.18 2 0
github.com/tiagofur/solennix-backend/internal/repository/event_repo.go:398.18,400.5 1 0
github.com/tiagofur/solennix-backend/internal/repository/event_repo.go:404.2,404.23 1 0
github.com/tiagofur/solennix-backend/internal/repository/event_repo.go:409.107,415.16 3 1
github.com/tiagofur/solennix-backend/internal/repository/event_repo.go:415.16,417.3 1 1
github.com/tiagofur/solennix-backend/internal/repository/event_repo.go:418.2,421.18 3 0
github.com/tiagofur/solennix-backend/internal/repository/event_repo.go:421.18,424.89 2 0
github.com/tiagofur/solennix-backend/internal/repository/event_repo.go:424.89,426.4 1 0
github.com/tiagofur/solennix-backend/internal/repository/event_repo.go:427.3,427.28 1 0
github.com/tiagofur/solennix-backend/internal/repository/event_repo.go:429.2,429.35 1 0
github.com/tiagofur/solennix-backend/internal/repository/event_repo.go:429.35,431.3 1 0
github.com/tiagofur/solennix-backend/internal/repository/event_repo.go:432.2,432.19 1 0
github.com/tiagofur/solennix-backend/internal/repository/event_repo.go:436.137,438.28 1 1
github.com/tiagofur/solennix-backend/internal/repository/event_repo.go:438.28,440.3 1 1
github.com/tiagofur/solennix-backend/internal/repository/event_repo.go:446.2,461.27 4 1
github.com/tiagofur/solennix-backend/internal/repository/event_repo.go:461.27,465.3 3 1
github.com/tiagofur/solennix-backend/internal/repository/event_repo.go:468.2,468.40 1 1
github.com/tiagofur/solennix-backend/internal/repository/event_repo.go:468.40,475.3 2 1
github.com/tiagofur/solennix-backend/internal/repository/event_repo.go:477.2,478.16 2 1
github.com/tiagofur/solennix-backend/internal/repository/event_repo.go:478.16,480.3 1 1
github.com/tiagofur/solennix-backend/internal/repository/event_repo.go:481.2,484.18 3 0
github.com/tiagofur/solennix-backend/internal/repository/event_repo.go:484.18,487.73 2 0
github.com/tiagofur/solennix-backend/internal/repository/event_repo.go:487.73,489.4 1 0
github.com/tiagofur/solennix-backend/internal/repository/event_repo.go:491.3,491.45 1 0
github.com/tiagofur/solennix-backend/internal/repository/event_repo.go:491.45,493.4 1 0
github.com/tiagofur/solennix-backend/internal/repository/event_repo.go:493.9,493.48 1 0
github.com/tiagofur/solennix-backend/internal/repository/event_repo.go:493.48,495.4 1 0
github.com/tiagofur/solennix-backend/internal/repository/event_repo.go:495.9,497.4 1 0
github.com/tiagofur/solennix-backend/internal/repository/event_repo.go:498.3,498.35 1 0
github.com/tiagofur/solennix-backend/internal/repository/event_repo.go:500.2,500.35 1 0
github.com/tiagofur/solennix-backend/internal/repository/event_repo.go:500.35,502.3 1 0
github.com/tiagofur/solennix-backend/internal/repository/event_repo.go:503.2,503.23 1 0
github.com/tiagofur/solennix-backend/internal/repository/event_repo.go:518.162,519.24 1 1
github.com/tiagofur/solennix-backend/internal/repository/event_repo.go:519.24,521.3 1 1
github.com/tiagofur/solennix-backend/internal/repository/event_repo.go:523.2,525.29 3 1
github.com/tiagofur/solennix-backend/internal/repository/event_repo.go:525.29,528.3 2 1
github.com/tiagofur/solennix-backend/internal/repository/event_repo.go:532.2,544.16 3 1
github.com/tiagofur/solennix-backend/internal/repository/event_repo.go:544.16,546.3 1 1
github.com/tiagofur/solennix-backend/internal/repository/event_repo.go:547.2,564.18 5 0
github.com/tiagofur/solennix-backend/internal/repository/event_repo.go:564.18,567.63 2 0
github.com/tiagofur/solennix-backend/internal/repository/event_repo.go:567.63,569.4 1 0
github.com/tiagofur/solennix-backend/internal/repository/event_repo.go:571.3,572.45 2 0
github.com/tiagofur/solennix-backend/internal/repository/event_repo.go:572.45,575.4 1 0
github.com/tiagofur/solennix-backend/internal/repository/event_repo.go:575.9,578.4 1 0
github.com/tiagofur/solennix-backend/internal/repository/event_repo.go:580.3,580.33 1 0
github.com/tiagofur/solennix-backend/internal/repository/event_repo.go:580.33,582.4 1 0
github.com/tiagofur/solennix-backend/internal/repository/event_repo.go:582.9,592.4 2 0
github.com/tiagofur/solennix-backend/internal/repository/event_repo.go:594.2,594.35 1 0
github.com/tiagofur/solennix-backend/internal/repository/event_repo.go:594.35,596.3 1 0
github.com/tiagofur/solennix-backend/internal/repository/event_repo.go:598.2,599.27 2 0
github.com/tiagofur/solennix-backend/internal/repository/event_repo.go:599.27,601.3 1 0
github.com/tiagofur/solennix-backend/internal/repository/event_repo.go:602.2,602.20 1 0
github.com/tiagofur/solennix-backend/internal/repository/event_repo.go:607.103,614.16 3 0
github.com/tiagofur/solennix-backend/internal/repository/event_repo.go:614.16,616.3 1 0
github.com/tiagofur/solennix-backend/internal/repository/event_repo.go:617.2,620.18 3 0
github.com/tiagofur/solennix-backend/internal/repository/event_repo.go:620.18,624.57 2 0
github.com/tiagofur/solennix-backend/internal/repository/event_repo.go:624.57,626.4 1 0
github.com/tiagofur/solennix-backend/internal/repository/event_repo.go:627.3,627.27 1 0
github.com/tiagofur/solennix-backend/internal/repository/event_repo.go:629.2,629.35 1 0
github.com/tiagofur/solennix-backend/internal/repository/event_repo.go:629.35,631.3 1 0
github.com/tiagofur/solennix-backend/internal/repository/event_repo.go:632.2,632.19 1 0
github.com/tiagofur/solennix-backend/internal/repository/event_repo.go:638.156,639.24 1 0
github.com/tiagofur/solennix-backend/internal/repository/event_repo.go:639.24,641.3 1 0
github.com/tiagofur/solennix-backend/internal/repository/event_repo.go:643.2,644.29 2 0
github.com/tiagofur/solennix-backend/internal/repository/event_repo.go:644.29,646.3 1 0
github.com/tiagofur/solennix-backend/internal/repository/event_repo.go:648.2,659.16 3 0
github.com/tiagofur/solennix-backend/internal/repository/event_repo.go:659.16,661.3 1 0
github.com/tiagofur/solennix-backend/internal/repository/event_repo.go:662.2,667.18 4 0
github.com/tiagofur/solennix-backend/internal/repository/event_repo.go:667.18,671.82 4 0
github.com/tiagofur/solennix-backend/internal/repository/event_repo.go:671.82,673.4 1 0
github.com/tiagofur/solennix-backend/internal/repository/event_repo.go:675.3,675.30 1 0
github.com/tiagofur/solennix-backend/internal/repository/event_repo.go:675.30,677.4 1 0
github.com/tiagofur/solennix-backend/internal/repository/event_repo.go:677.9,687.4 2 0
github.com/tiagofur/solennix-backend/internal/repository/event_repo.go:689.2,689.35 1 0
github.com/tiagofur/solennix-backend/internal/repository/event_repo.go:689.35,691.3 1 0
github.com/tiagofur/solennix-backend/internal/repository/event_repo.go:693.2,694.27 2 0
github.com/tiagofur/solennix-backend/internal/repository/event_repo.go:694.27,696.3 1 0
github.com/tiagofur/solennix-backend/internal/repository/event_repo.go:697.2,697.20 1 0
github.com/tiagofur/solennix-backend/internal/repository/event_repo.go:701.85,711.2 3 0
github.com/tiagofur/solennix-backend/internal/repository/event_repo.go:714.105,732.16 4 1
github.com/tiagofur/solennix-backend/internal/repository/event_repo.go:732.16,734.3 1 1
github.com/tiagofur/solennix-backend/internal/repository/event_repo.go:735.2,738.18 3 0
github.com/tiagofur/solennix-backend/internal/repository/event_repo.go:738.18,744.29 3 0
github.com/tiagofur/solennix-backend/internal/repository/event_repo.go:744.29,746.4 1 0
github.com/tiagofur/solennix-backend/internal/repository/event_repo.go:747.3,747.24 1 0
github.com/tiagofur/solennix-backend/internal/repository/event_repo.go:747.24,751.4 1 0
github.com/tiagofur/solennix-backend/internal/repository/event_repo.go:752.3,752.29 1 0
github.com/tiagofur/solennix-backend/internal/repository/event_repo.go:754.2,754.35 1 0
github.com/tiagofur/solennix-backend/internal/repository/event_repo.go:754.35,756.3 1 0
github.com/tiagofur/solennix-backend/internal/repository/event_repo.go:758.2,758.19 1 0
github.com/tiagofur/solennix-backend/internal/repository/event_repo.go:758.19,760.3 1 0
github.com/tiagofur/solennix-backend/internal/repository/event_repo.go:762.2,762.20 1 0
github.com/tiagofur/solennix-backend/internal/repository/inventory_repo.go:16.58,18.2 1 1
github.com/tiagofur/solennix-backend/internal/repository/inventory_repo.go:19.91,24.2 4 1
github.com/tiagofur/solennix-backend/internal/repository/inventory_repo.go:26.103,30.16 3 1
github.com/tiagofur/solennix-backend/internal/repository/inventory_repo.go:30.16,32.3 1 1
github.com/tiagofur/solennix-backend/internal/repository/inventory_repo.go:33.2,36.18 3 0
github.com/tiagofur/solennix-backend/internal/repository/inventory_repo.go:36.18,39.80 2 0
github.com/tiagofur/solennix-backend/internal/repository/inventory_repo.go:39.80,41.4 1 0
github.com/tiagofur/solennix-backend/internal/repository/inventory_repo.go:42.3,42.27 1 0
github.com/tiagofur/solennix-backend/internal/repository/inventory_repo.go:44.2,44.35 1 0
github.com/tiagofur/solennix-backend/internal/repository/inventory_repo.go:44.35,46.3 1 0
github.com/tiagofur/solennix-backend/internal/repository/inventory_repo.go:47.2,47.19 1 0
github.com/tiagofur/solennix-backend/internal/repository/inventory_repo.go:50.107,57.16 4 1
github.com/tiagofur/solennix-backend/internal/repository/inventory_repo.go:57.16,59.3 1 1
github.com/tiagofur/solennix-backend/internal/repository/inventory_repo.go:60.2,60.15 1 0
github.com/tiagofur/solennix-backend/internal/repository/inventory_repo.go:63.84,70.2 2 1
github.com/tiagofur/solennix-backend/internal/repository/inventory_repo.go:72.84,81.2 2 1
github.com/tiagofur/solennix-backend/internal/repository/inventory_repo.go:83.81,85.16 2 1
github.com/tiagofur/solennix-backend/internal/repository/inventory_repo.go:85.16,87.3 1 1
github.com/tiagofur/solennix-backend/internal/repository/inventory_repo.go:88.2,88.29 1 0
github.com/tiagofur/solennix-backend/internal/repository/inventory_repo.go:88.29,90.3 1 0
github.com/tiagofur/solennix-backend/internal/repository/inventory_repo.go:91.2,91.12 1 0
github.com/tiagofur/solennix-backend/internal/repository/inventory_repo.go:95.117,109.16 4 1
github.com/tiagofur/solennix-backend/internal/repository/inventory_repo.go:109.16,111.3 1 1
github.com/tiagofur/solennix-backend/internal/repository/inventory_repo.go:112.2,115.18 3 0
github.com/tiagofur/solennix-backend/internal/repository/inventory_repo.go:115.18,119.35 2 0
github.com/tiagofur/solennix-backend/internal/repository/inventory_repo.go:119.35,121.4 1 0
github.com/tiagofur/solennix-backend/internal/repository/inventory_repo.go:122.3,122.30 1 0
github.com/tiagofur/solennix-backend/internal/repository/inventory_repo.go:124.2,124.35 1 0
github.com/tiagofur/solennix-backend/internal/repository/inventory_repo.go:124.35,126.3 1 0
github.com/tiagofur/solennix-backend/internal/repository/inventory_repo.go:128.2,128.18 1 0
github.com/tiagofur/solennix-backend/internal/repository/inventory_repo.go:128.18,130.3 1 0
github.com/tiagofur/solennix-backend/internal/repository/inventory_repo.go:132.2,132.19 1 0
github.com/tiagofur/solennix-backend/internal/repository/payment_repo.go:20.54,22.2 1 1
github.com/tiagofur/solennix-backend/internal/repository/payment_repo.go:24.95,28.2 2 1
github.com/tiagofur/solennix-backend/internal/repository/payment_repo.go:30.110,34.2 2 1
github.com/tiagofur/solennix-backend/internal/repository/payment_repo.go:36.122,40.2 2 1
github.com/tiagofur/solennix-backend/internal/repository/payment_repo.go:42.124,43.24 1 1
github.com/tiagofur/solennix-backend/internal/repository/payment_repo.go:43.24,45.3 1 1
github.com/tiagofur/solennix-backend/internal/repository/payment_repo.go:46.2,48.54 2 1
github.com/tiagofur/solennix-backend/internal/repository/payment_repo.go:51.76,58.2 2 1
github.com/tiagofur/solennix-backend/internal/repository/payment_repo.go:60.94,67.2 2 1
github.com/tiagofur/solennix-backend/internal/repository/payment_repo.go:69.79,71.16 2 1
github.com/tiagofur/solennix-backend/internal/repository/payment_repo.go:71.16,73.3 1 1
github.com/tiagofur/solennix-backend/internal/repository/payment_repo.go:74.2,74.29 1 0
github.com/tiagofur/solennix-backend/internal/repository/payment_repo.go:74.29,76.3 1 0
github.com/tiagofur/solennix-backend/internal/repository/payment_repo.go:77.2,77.12 1 0
github.com/tiagofur/solennix-backend/internal/repository/payment_repo.go:80.119,82.16 2 1
github.com/tiagofur/solennix-backend/internal/repository/payment_repo.go:82.16,84.3 1 1
github.com/tiagofur/solennix-backend/internal/repository/payment_repo.go:85.2,88.18 3 0
github.com/tiagofur/solennix-backend/internal/repository/payment_repo.go:88.18,91.74 2 0
github.com/tiagofur/solennix-backend/internal/repository/payment_repo.go:91.74,93.4 1 0
github.com/tiagofur/solennix-backend/internal/repository/payment_repo.go:94.3,94.33 1 0
github.com/tiagofur/solennix-backend/internal/repository/payment_repo.go:96.2,96.35 1 0
github.com/tiagofur/solennix-backend/internal/repository/payment_repo.go:96.35,98.3 1 0
github.com/tiagofur/solennix-backend/internal/repository/payment_repo.go:99.2,99.22 1 0
github.com/tiagofur/solennix-backend/internal/repository/product_repo.go:16.54,18.2 1 1
github.com/tiagofur/solennix-backend/internal/repository/product_repo.go:19.89,24.2 4 1
github.com/tiagofur/solennix-backend/internal/repository/product_repo.go:26.95,30.16 3 1
github.com/tiagofur/solennix-backend/internal/repository/product_repo.go:30.16,32.3 1 1
github.com/tiagofur/solennix-backend/internal/repository/product_repo.go:33.2,36.18 3 0
github.com/tiagofur/solennix-backend/internal/repository/product_repo.go:36.18,39.81 2 0
github.com/tiagofur/solennix-backend/internal/repository/product_repo.go:39.81,41.4 1 0
github.com/tiagofur/solennix-backend/internal/repository/product_repo.go:42.3,42.33 1 0
github.com/tiagofur/solennix-backend/internal/repository/product_repo.go:44.2,44.35 1 0
github.com/tiagofur/solennix-backend/internal/repository/product_repo.go:44.35,46.3 1 0
github.com/tiagofur/solennix-backend/internal/repository/product_repo.go:47.2,47.22 1 0
github.com/tiagofur/solennix-backend/internal/repository/product_repo.go:50.99,57.16 4 1
github.com/tiagofur/solennix-backend/internal/repository/product_repo.go:57.16,59.3 1 1
github.com/tiagofur/solennix-backend/internal/repository/product_repo.go:60.2,60.15 1 0
github.com/tiagofur/solennix-backend/internal/repository/product_repo.go:63.76,70.2 2 1
github.com/tiagofur/solennix-backend/internal/repository/product_repo.go:72.76,79.2 2 1
github.com/tiagofur/solennix-backend/internal/repository/product_repo.go:81.79,83.16 2 1
github.com/tiagofur/solennix-backend/internal/repository/product_repo.go:83.16,85.3 1 1
github.com/tiagofur/solennix-backend/internal/repository/product_repo.go:86.2,86.29 1 0
github.com/tiagofur/solennix-backend/internal/repository/product_repo.go:86.29,88.3 1 0
github.com/tiagofur/solennix-backend/internal/repository/product_repo.go:89.2,89.12 1 0
github.com/tiagofur/solennix-backend/internal/repository/product_repo.go:94.116,100.16 3 1
github.com/tiagofur/solennix-backend/internal/repository/product_repo.go:100.16,102.3 1 1
github.com/tiagofur/solennix-backend/internal/repository/product_repo.go:103.2,106.18 3 0
github.com/tiagofur/solennix-backend/internal/repository/product_repo.go:106.18,109.85 2 0
github.com/tiagofur/solennix-backend/internal/repository/product_repo.go:109.85,111.4 1 0
github.com/tiagofur/solennix-backend/internal/repository/product_repo.go:112.3,112.40 1 0
github.com/tiagofur/solennix-backend/internal/repository/product_repo.go:114.2,114.35 1 0
github.com/tiagofur/solennix-backend/internal/repository/product_repo.go:114.35,116.3 1 0
github.com/tiagofur/solennix-backend/internal/repository/product_repo.go:117.2,117.25 1 0
github.com/tiagofur/solennix-backend/internal/repository/product_repo.go:120.130,121.26 1 1
github.com/tiagofur/solennix-backend/internal/repository/product_repo.go:121.26,123.3 1 1
github.com/tiagofur/solennix-backend/internal/repository/product_repo.go:124.2,129.16 3 1
github.com/tiagofur/solennix-backend/internal/repository/product_repo.go:129.16,131.3 1 1
github.com/tiagofur/solennix-backend/internal/repository/product_repo.go:132.2,135.18 3 0
github.com/tiagofur/solennix-backend/internal/repository/product_repo.go:135.18,138.85 2 0
github.com/tiagofur/solennix-backend/internal/repository/product_repo.go:138.85,140.4 1 0
github.com/tiagofur/solennix-backend/internal/repository/product_repo.go:141.3,141.40 1 0
github.com/tiagofur/solennix-backend/internal/repository/product_repo.go:143.2,143.35 1 0
github.com/tiagofur/solennix-backend/internal/repository/product_repo.go:143.35,145.3 1 0
github.com/tiagofur/solennix-backend/internal/repository/product_repo.go:146.2,146.25 1 0
github.com/tiagofur/solennix-backend/internal/repository/product_repo.go:149.129,151.16 2 1
github.com/tiagofur/solennix-backend/internal/repository/product_repo.go:151.16,153.3 1 1
github.com/tiagofur/solennix-backend/internal/repository/product_repo.go:154.2,156.106 2 0
github.com/tiagofur/solennix-backend/internal/repository/product_repo.go:156.106,158.3 1 0
github.com/tiagofur/solennix-backend/internal/repository/product_repo.go:160.2,160.34 1 0
github.com/tiagofur/solennix-backend/internal/repository/product_repo.go:160.34,165.17 2 0
github.com/tiagofur/solennix-backend/internal/repository/product_repo.go:165.17,167.4 1 0
github.com/tiagofur/solennix-backend/internal/repository/product_repo.go:170.2,170.23 1 0
github.com/tiagofur/solennix-backend/internal/repository/product_repo.go:174.108,175.26 1 1
github.com/tiagofur/solennix-backend/internal/repository/product_repo.go:175.26,177.3 1 1
github.com/tiagofur/solennix-backend/internal/repository/product_repo.go:178.2,180.85 3 1
github.com/tiagofur/solennix-backend/internal/repository/product_repo.go:180.85,182.3 1 1
github.com/tiagofur/solennix-backend/internal/repository/product_repo.go:183.2,183.30 1 0
github.com/tiagofur/solennix-backend/internal/repository/product_repo.go:183.30,185.3 1 0
github.com/tiagofur/solennix-backend/internal/repository/product_repo.go:186.2,186.12 1 0
github.com/tiagofur/solennix-backend/internal/repository/product_repo.go:190.109,203.16 4 1
github.com/tiagofur/solennix-backend/internal/repository/product_repo.go:203.16,205.3 1 1
github.com/tiagofur/solennix-backend/internal/repository/product_repo.go:206.2,209.18 3 0
github.com/tiagofur/solennix-backend/internal/repository/product_repo.go:209.18,212.81 2 0
github.com/tiagofur/solennix-backend/internal/repository/product_repo.go:212.81,214.4 1 0
github.com/tiagofur/solennix-backend/internal/repository/product_repo.go:215.3,215.33 1 0
github.com/tiagofur/solennix-backend/internal/repository/product_repo.go:217.2,217.35 1 0
github.com/tiagofur/solennix-backend/internal/repository/product_repo.go:217.35,219.3 1 0
github.com/tiagofur/solennix-backend/internal/repository/product_repo.go:221.2,221.21 1 0
github.com/tiagofur/solennix-backend/internal/repository/product_repo.go:221.21,223.3 1 0
github.com/tiagofur/solennix-backend/internal/repository/product_repo.go:225.2,225.22 1 0
github.com/tiagofur/solennix-backend/internal/repository/subscription_repo.go:17.64,19.2 1 1
github.com/tiagofur/solennix-backend/internal/repository/subscription_repo.go:22.88,39.2 2 1
github.com/tiagofur/solennix-backend/internal/repository/subscription_repo.go:42.109,57.16 4 1
github.com/tiagofur/solennix-backend/internal/repository/subscription_repo.go:57.16,59.3 1 1
github.com/tiagofur/solennix-backend/internal/repository/subscription_repo.go:60.2,60.17 1 0
github.com/tiagofur/solennix-backend/internal/repository/subscription_repo.go:64.155,73.16 3 1
github.com/tiagofur/solennix-backend/internal/repository/subscription_repo.go:73.16,75.3 1 1
github.com/tiagofur/solennix-backend/internal/repository/subscription_repo.go:76.2,76.29 1 0
github.com/tiagofur/solennix-backend/internal/repository/subscription_repo.go:76.29,78.3 1 0
github.com/tiagofur/solennix-backend/internal/repository/subscription_repo.go:79.2,79.12 1 0
github.com/tiagofur/solennix-backend/internal/repository/subscription_repo.go:83.109,91.2 3 1
github.com/tiagofur/solennix-backend/internal/repository/unavailable_date_repo.go:16.70,18.2 1 0
github.com/tiagofur/solennix-backend/internal/repository/unavailable_date_repo.go:20.92,25.2 2 0
github.com/tiagofur/solennix-backend/internal/repository/unavailable_date_repo.go:27.138,33.16 3 0
github.com/tiagofur/solennix-backend/internal/repository/unavailable_date_repo.go:33.16,35.3 1 0
github.com/tiagofur/solennix-backend/internal/repository/unavailable_date_repo.go:36.2,39.18 3 0
github.com/tiagofur/solennix-backend/internal/repository/unavailable_date_repo.go:39.18,41.118 2 0
github.com/tiagofur/solennix-backend/internal/repository/unavailable_date_repo.go:41.118,43.4 1 0
github.com/tiagofur/solennix-backend/internal/repository/unavailable_date_repo.go:44.3,44.27 1 0
github.com/tiagofur/solennix-backend/internal/repository/unavailable_date_repo.go:47.2,47.21 1 0
github.com/tiagofur/solennix-backend/internal/repository/unavailable_date_repo.go:47.21,49.3 1 0
github.com/tiagofur/solennix-backend/internal/repository/unavailable_date_repo.go:50.2,50.19 1 0
github.com/tiagofur/solennix-backend/internal/repository/unavailable_date_repo.go:53.87,55.16 2 0
github.com/tiagofur/solennix-backend/internal/repository/unavailable_date_repo.go:55.16,57.3 1 0
github.com/tiagofur/solennix-backend/internal/repository/unavailable_date_repo.go:58.2,58.29 1 0
github.com/tiagofur/solennix-backend/internal/repository/unavailable_date_repo.go:58.29,60.3 1 0
github.com/tiagofur/solennix-backend/internal/repository/unavailable_date_repo.go:61.2,61.12 1 0
github.com/tiagofur/solennix-backend/internal/repository/user_repo.go:16.48,18.2 1 1
github.com/tiagofur/solennix-backend/internal/repository/user_repo.go:20.73,25.21 2 1
github.com/tiagofur/solennix-backend/internal/repository/user_repo.go:25.21,27.3 1 1
github.com/tiagofur/solennix-backend/internal/repository/user_repo.go:28.2,30.52 1 1
github.com/tiagofur/solennix-backend/internal/repository/user_repo.go:33.88,46.16 4 1
github.com/tiagofur/solennix-backend/internal/repository/user_repo.go:46.16,48.3 1 1
github.com/tiagofur/solennix-backend/internal/repository/user_repo.go:49.2,49.18 1 0
github.com/tiagofur/solennix-backend/internal/repository/user_repo.go:52.85,65.16 4 1
github.com/tiagofur/solennix-backend/internal/repository/user_repo.go:65.16,67.3 1 1
github.com/tiagofur/solennix-backend/internal/repository/user_repo.go:68.2,68.18 1 0
github.com/tiagofur/solennix-backend/internal/repository/user_repo.go:72.108,98.16 4 1
github.com/tiagofur/solennix-backend/internal/repository/user_repo.go:98.16,100.3 1 1
github.com/tiagofur/solennix-backend/internal/repository/user_repo.go:101.2,101.18 1 0
github.com/tiagofur/solennix-backend/internal/repository/user_repo.go:105.122,114.2 3 1
github.com/tiagofur/solennix-backend/internal/repository/user_repo.go:118.114,125.16 3 1
github.com/tiagofur/solennix-backend/internal/repository/user_repo.go:125.16,127.3 1 1
github.com/tiagofur/solennix-backend/internal/repository/user_repo.go:128.2,128.29 1 0
github.com/tiagofur/solennix-backend/internal/repository/user_repo.go:128.29,130.3 1 0
github.com/tiagofur/solennix-backend/internal/repository/user_repo.go:131.2,131.12 1 0
github.com/tiagofur/solennix-backend/internal/repository/user_repo.go:136.110,149.16 4 0
github.com/tiagofur/solennix-backend/internal/repository/user_repo.go:149.16,151.3 1 0
github.com/tiagofur/solennix-backend/internal/repository/user_repo.go:152.2,152.18 1 0
github.com/tiagofur/solennix-backend/internal/repository/user_repo.go:156.101,163.16 3 1
github.com/tiagofur/solennix-backend/internal/repository/user_repo.go:163.16,165.3 1 1
github.com/tiagofur/solennix-backend/internal/repository/user_repo.go:166.2,166.29 1 0
github.com/tiagofur/solennix-backend/internal/repository/user_repo.go:166.29,168.3 1 0
github.com/tiagofur/solennix-backend/internal/repository/user_repo.go:169.2,169.12 1 0
github.com/tiagofur/solennix-backend/internal/repository/user_repo.go:173.102,186.16 4 0
github.com/tiagofur/solennix-backend/internal/repository/user_repo.go:186.16,188.3 1 0
github.com/tiagofur/solennix-backend/internal/repository/user_repo.go:189.2,189.18 1 0
github.com/tiagofur/solennix-backend/internal/repository/user_repo.go:193.100,206.16 4 0
github.com/tiagofur/solennix-backend/internal/repository/user_repo.go:206.16,208.3 1 0
github.com/tiagofur/solennix-backend/internal/repository/user_repo.go:209.2,209.18 1 0
github.com/tiagofur/solennix-backend/internal/repository/user_repo.go:213.82,218.21 2 0
github.com/tiagofur/solennix-backend/internal/repository/user_repo.go:218.21,220.3 1 0
github.com/tiagofur/solennix-backend/internal/repository/user_repo.go:221.2,221.21 1 0
github.com/tiagofur/solennix-backend/internal/repository/user_repo.go:221.21,223.3 1 0
github.com/tiagofur/solennix-backend/internal/repository/user_repo.go:224.2,226.52 1 0
github.com/tiagofur/solennix-backend/internal/repository/user_repo.go:230.104,237.16 3 0
github.com/tiagofur/solennix-backend/internal/repository/user_repo.go:237.16,239.3 1 0
github.com/tiagofur/solennix-backend/internal/repository/user_repo.go:240.2,240.29 1 0
github.com/tiagofur/solennix-backend/internal/repository/user_repo.go:240.29,242.3 1 0
github.com/tiagofur/solennix-backend/internal/repository/user_repo.go:243.2,243.12 1 0
github.com/tiagofur/solennix-backend/internal/repository/user_repo.go:247.102,254.16 3 0
github.com/tiagofur/solennix-backend/internal/repository/user_repo.go:254.16,256.3 1 0
github.com/tiagofur/solennix-backend/internal/repository/user_repo.go:257.2,257.29 1 0
github.com/tiagofur/solennix-backend/internal/repository/user_repo.go:257.29,259.3 1 0
github.com/tiagofur/solennix-backend/internal/repository/user_repo.go:260.2,260.12 1 0
github.com/tiagofur/solennix-backend/internal/config/config.go:45.30,69.27 3 1
github.com/tiagofur/solennix-backend/internal/config/config.go:69.27,71.3 1 1
github.com/tiagofur/solennix-backend/internal/config/config.go:73.2,73.25 1 1
github.com/tiagofur/solennix-backend/internal/config/config.go:73.25,75.3 1 1
github.com/tiagofur/solennix-backend/internal/config/config.go:77.2,77.29 1 1
github.com/tiagofur/solennix-backend/internal/config/config.go:77.29,79.3 1 1
github.com/tiagofur/solennix-backend/internal/config/config.go:81.2,82.16 2 1
github.com/tiagofur/solennix-backend/internal/config/config.go:82.16,84.3 1 1
github.com/tiagofur/solennix-backend/internal/config/config.go:85.2,92.21 5 1
github.com/tiagofur/solennix-backend/internal/config/config.go:92.21,93.52 1 0
github.com/tiagofur/solennix-backend/internal/config/config.go:93.52,95.16 2 0
github.com/tiagofur/solennix-backend/internal/config/config.go:95.16,97.5 1 0
github.com/tiagofur/solennix-backend/internal/config/config.go:101.2,101.17 1 1
github.com/tiagofur/solennix-backend/internal/config/config.go:104.42,105.40 1 1
github.com/tiagofur/solennix-backend/internal/config/config.go:105.40,107.3 1 1
github.com/tiagofur/solennix-backend/internal/config/config.go:108.2,108.17 1 1
github.com/tiagofur/solennix-backend/internal/router/router.go:17.121,28.64 6 1
github.com/tiagofur/solennix-backend/internal/router/router.go:28.64,32.3 3 1
github.com/tiagofur/solennix-backend/internal/router/router.go:35.2,35.37 1 1
github.com/tiagofur/solennix-backend/internal/router/router.go:35.37,38.39 1 1
github.com/tiagofur/solennix-backend/internal/router/router.go:38.39,50.31 10 1
github.com/tiagofur/solennix-backend/internal/router/router.go:50.31,54.5 3 1
github.com/tiagofur/solennix-backend/internal/router/router.go:58.3,58.48 1 1
github.com/tiagofur/solennix-backend/internal/router/router.go:58.48,64.31 3 1
github.com/tiagofur/solennix-backend/internal/router/router.go:64.31,69.5 4 1
github.com/tiagofur/solennix-backend/internal/router/router.go:72.4,72.31 1 1
github.com/tiagofur/solennix-backend/internal/router/router.go:72.31,77.5 4 1
github.com/tiagofur/solennix-backend/internal/router/router.go:81.3,82.68 2 1
github.com/tiagofur/solennix-backend/internal/router/router.go:82.68,85.4 2 1
github.com/tiagofur/solennix-backend/internal/router/router.go:88.3,88.30 1 1
github.com/tiagofur/solennix-backend/internal/router/router.go:88.30,92.31 2 1
github.com/tiagofur/solennix-backend/internal/router/router.go:92.31,95.5 2 1
github.com/tiagofur/solennix-backend/internal/router/router.go:98.4,101.43 2 1
github.com/tiagofur/solennix-backend/internal/router/router.go:101.43,107.5 5 1
github.com/tiagofur/solennix-backend/internal/router/router.go:110.4,110.42 1 1
github.com/tiagofur/solennix-backend/internal/router/router.go:110.42,137.5 22 1
github.com/tiagofur/solennix-backend/internal/router/router.go:140.4,140.44 1 1
github.com/tiagofur/solennix-backend/internal/router/router.go:140.44,149.5 8 1
github.com/tiagofur/solennix-backend/internal/router/router.go:152.4,152.45 1 1
github.com/tiagofur/solennix-backend/internal/router/router.go:152.45,158.5 5 1
github.com/tiagofur/solennix-backend/internal/router/router.go:161.4,161.44 1 1
github.com/tiagofur/solennix-backend/internal/router/router.go:161.44,166.5 4 1
github.com/tiagofur/solennix-backend/internal/router/router.go:169.4,169.53 1 1
github.com/tiagofur/solennix-backend/internal/router/router.go:169.53,173.5 3 1
github.com/tiagofur/solennix-backend/internal/router/router.go:176.4,176.43 1 1
github.com/tiagofur/solennix-backend/internal/router/router.go:176.43,179.5 2 1
github.com/tiagofur/solennix-backend/internal/router/router.go:182.4,182.31 1 1
github.com/tiagofur/solennix-backend/internal/router/router.go:182.31,185.5 2 1
github.com/tiagofur/solennix-backend/internal/router/router.go:189.3,189.40 1 1
github.com/tiagofur/solennix-backend/internal/router/router.go:189.40,199.4 8 1
github.com/tiagofur/solennix-backend/internal/router/router.go:202.2,202.10 1 1
github.com/tiagofur/solennix-backend/internal/middleware/admin.go:19.72,20.46 1 1
github.com/tiagofur/solennix-backend/internal/middleware/admin.go:20.46,21.72 1 1
github.com/tiagofur/solennix-backend/internal/middleware/admin.go:21.72,23.26 2 1
github.com/tiagofur/solennix-backend/internal/middleware/admin.go:23.26,28.5 4 1
github.com/tiagofur/solennix-backend/internal/middleware/admin.go:30.4,31.18 2 1
github.com/tiagofur/solennix-backend/internal/middleware/admin.go:31.18,36.5 4 1
github.com/tiagofur/solennix-backend/internal/middleware/admin.go:38.4,38.28 1 1
github.com/tiagofur/solennix-backend/internal/middleware/admin.go:38.28,43.5 4 1
github.com/tiagofur/solennix-backend/internal/middleware/admin.go:45.4,45.24 1 1
github.com/tiagofur/solennix-backend/internal/middleware/auth.go:28.78,29.46 1 1
github.com/tiagofur/solennix-backend/internal/middleware/auth.go:29.46,30.72 1 1
github.com/tiagofur/solennix-backend/internal/middleware/auth.go:30.72,34.57 2 1
github.com/tiagofur/solennix-backend/internal/middleware/auth.go:34.57,36.5 1 1
github.com/tiagofur/solennix-backend/internal/middleware/auth.go:39.4,39.19 1 1
github.com/tiagofur/solennix-backend/internal/middleware/auth.go:39.19,41.25 2 1
github.com/tiagofur/solennix-backend/internal/middleware/auth.go:41.25,43.66 2 1
github.com/tiagofur/solennix-backend/internal/middleware/auth.go:43.66,45.7 1 1
github.com/tiagofur/solennix-backend/internal/middleware/auth.go:50.4,50.19 1 1
github.com/tiagofur/solennix-backend/internal/middleware/auth.go:50.19,53.5 2 1
github.com/tiagofur/solennix-backend/internal/middleware/auth.go:56.4,57.67 2 1
github.com/tiagofur/solennix-backend/internal/middleware/auth.go:57.67,60.5 2 0
github.com/tiagofur/solennix-backend/internal/middleware/auth.go:63.4,64.18 2 1
github.com/tiagofur/solennix-backend/internal/middleware/auth.go:64.18,67.5 2 1
github.com/tiagofur/solennix-backend/internal/middleware/auth.go:70.4,72.41 3 1
github.com/tiagofur/solennix-backend/internal/middleware/auth.go:78.33,81.2 2 1
github.com/tiagofur/solennix-backend/internal/middleware/auth.go:83.72,87.2 3 1
github.com/tiagofur/solennix-backend/internal/middleware/auth.go:90.47,93.2 2 1
github.com/tiagofur/solennix-backend/internal/middleware/auth.go:96.47,99.2 2 1
github.com/tiagofur/solennix-backend/internal/middleware/cors.go:9.68,11.35 2 1
github.com/tiagofur/solennix-backend/internal/middleware/cors.go:11.35,13.3 1 1
github.com/tiagofur/solennix-backend/internal/middleware/cors.go:15.2,15.46 1 1
github.com/tiagofur/solennix-backend/internal/middleware/cors.go:15.46,16.72 1 1
github.com/tiagofur/solennix-backend/internal/middleware/cors.go:16.72,19.26 2 1
github.com/tiagofur/solennix-backend/internal/middleware/cors.go:19.26,22.5 2 1
github.com/tiagofur/solennix-backend/internal/middleware/cors.go:24.4,28.38 4 1
github.com/tiagofur/solennix-backend/internal/middleware/cors.go:28.38,31.5 2 1
github.com/tiagofur/solennix-backend/internal/middleware/cors.go:33.4,33.24 1 1
github.com/tiagofur/solennix-backend/internal/middleware/logging.go:10.45,11.71 1 1
github.com/tiagofur/solennix-backend/internal/middleware/logging.go:11.71,25.3 4 1
github.com/tiagofur/solennix-backend/internal/middleware/logging.go:33.49,36.2 2 1
github.com/tiagofur/solennix-backend/internal/middleware/ratelimit.go:31.87,36.21 4 1
github.com/tiagofur/solennix-backend/internal/middleware/ratelimit.go:36.21,36.36 1 1
github.com/tiagofur/solennix-backend/internal/middleware/ratelimit.go:37.2,40.29 2 1
github.com/tiagofur/solennix-backend/internal/middleware/ratelimit.go:40.29,41.35 1 1
github.com/tiagofur/solennix-backend/internal/middleware/ratelimit.go:41.35,43.4 1 1
github.com/tiagofur/solennix-backend/internal/middleware/ratelimit.go:44.3,44.21 1 1
github.com/tiagofur/solennix-backend/internal/middleware/ratelimit.go:48.2,48.12 1 1
github.com/tiagofur/solennix-backend/internal/middleware/ratelimit.go:48.12,51.7 3 1
github.com/tiagofur/solennix-backend/internal/middleware/ratelimit.go:51.7,52.11 1 1
github.com/tiagofur/solennix-backend/internal/middleware/ratelimit.go:53.16,54.11 1 1
github.com/tiagofur/solennix-backend/internal/middleware/ratelimit.go:55.20,58.33 3 1
github.com/tiagofur/solennix-backend/internal/middleware/ratelimit.go:58.33,59.41 1 1
github.com/tiagofur/solennix-backend/internal/middleware/ratelimit.go:59.41,61.7 1 1
github.com/tiagofur/solennix-backend/internal/middleware/ratelimit.go:63.5,63.16 1 1
github.com/tiagofur/solennix-backend/internal/middleware/ratelimit.go:68.2,68.46 1 1
github.com/tiagofur/solennix-backend/internal/middleware/ratelimit.go:68.46,69.72 1 1
github.com/tiagofur/solennix-backend/internal/middleware/ratelimit.go:69.72,76.50 5 1
github.com/tiagofur/solennix-backend/internal/middleware/ratelimit.go:76.50,81.5 4 1
github.com/tiagofur/solennix-backend/internal/middleware/ratelimit.go:83.4,84.29 2 1
github.com/tiagofur/solennix-backend/internal/middleware/ratelimit.go:84.29,89.5 4 1
github.com/tiagofur/solennix-backend/internal/middleware/ratelimit.go:90.4,92.24 2 1
github.com/tiagofur/solennix-backend/internal/middleware/ratelimit.go:98.40,99.16 1 1
github.com/tiagofur/solennix-backend/internal/middleware/ratelimit.go:99.16,100.68 1 1
github.com/tiagofur/solennix-backend/internal/middleware/ratelimit.go:100.68,104.4 2 1
github.com/tiagofur/solennix-backend/internal/middleware/ratelimit.go:107.2,108.16 2 1
github.com/tiagofur/solennix-backend/internal/middleware/ratelimit.go:108.16,110.3 1 1
github.com/tiagofur/solennix-backend/internal/middleware/ratelimit.go:111.2,111.13 1 1
github.com/tiagofur/solennix-backend/internal/middleware/recovery.go:11.47,12.71 1 1
github.com/tiagofur/solennix-backend/internal/middleware/recovery.go:12.71,13.16 1 1
github.com/tiagofur/solennix-backend/internal/middleware/recovery.go:13.16,14.36 1 1
github.com/tiagofur/solennix-backend/internal/middleware/recovery.go:14.36,24.5 4 1
github.com/tiagofur/solennix-backend/internal/middleware/recovery.go:26.3,26.23 1 1
github.com/tiagofur/solennix-backend/internal/middleware/security.go:9.54,10.71 1 1
github.com/tiagofur/solennix-backend/internal/middleware/security.go:10.71,29.67 4 1
github.com/tiagofur/solennix-backend/internal/middleware/security.go:29.67,33.4 1 1
github.com/tiagofur/solennix-backend/internal/middleware/security.go:49.3,84.23 6 1
github.com/tiagofur/solennix-backend/internal/database/database.go:12.57,14.16 2 1
github.com/tiagofur/solennix-backend/internal/database/database.go:14.16,16.3 1 1
github.com/tiagofur/solennix-backend/internal/database/database.go:18.2,27.16 8 1
github.com/tiagofur/solennix-backend/internal/database/database.go:27.16,29.3 1 0
github.com/tiagofur/solennix-backend/internal/database/database.go:31.2,31.38 1 1
github.com/tiagofur/solennix-backend/internal/database/database.go:31.38,34.3 2 1
github.com/tiagofur/solennix-backend/internal/database/database.go:36.2,37.18 2 0
github.com/tiagofur/solennix-backend/internal/database/migrate.go:19.40,29.16 3 1
github.com/tiagofur/solennix-backend/internal/database/migrate.go:29.16,31.3 1 1
github.com/tiagofur/solennix-backend/internal/database/migrate.go:34.2,35.16 2 0
github.com/tiagofur/solennix-backend/internal/database/migrate.go:35.16,37.3 1 0
github.com/tiagofur/solennix-backend/internal/database/migrate.go:38.2,41.18 3 0
github.com/tiagofur/solennix-backend/internal/database/migrate.go:41.18,43.45 2 0
github.com/tiagofur/solennix-backend/internal/database/migrate.go:43.45,45.4 1 0
github.com/tiagofur/solennix-backend/internal/database/migrate.go:46.3,46.26 1 0
github.com/tiagofur/solennix-backend/internal/database/migrate.go:48.2,48.35 1 0
github.com/tiagofur/solennix-backend/internal/database/migrate.go:48.35,50.3 1 0
github.com/tiagofur/solennix-backend/internal/database/migrate.go:53.2,54.16 2 0
github.com/tiagofur/solennix-backend/internal/database/migrate.go:54.16,56.3 1 0
github.com/tiagofur/solennix-backend/internal/database/migrate.go:59.2,60.32 2 0
github.com/tiagofur/solennix-backend/internal/database/migrate.go:60.32,61.49 1 0
github.com/tiagofur/solennix-backend/internal/database/migrate.go:61.49,63.4 1 0
github.com/tiagofur/solennix-backend/internal/database/migrate.go:65.2,68.35 2 0
github.com/tiagofur/solennix-backend/internal/database/migrate.go:68.35,70.23 2 0
github.com/tiagofur/solennix-backend/internal/database/migrate.go:70.23,71.12 1 0
github.com/tiagofur/solennix-backend/internal/database/migrate.go:74.3,77.17 3 0
github.com/tiagofur/solennix-backend/internal/database/migrate.go:77.17,79.4 1 0
github.com/tiagofur/solennix-backend/internal/database/migrate.go:81.3,82.17 2 0
github.com/tiagofur/solennix-backend/internal/database/migrate.go:82.17,84.4 1 0
github.com/tiagofur/solennix-backend/internal/database/migrate.go:86.3,86.58 1 0
github.com/tiagofur/solennix-backend/internal/database/migrate.go:86.58,87.47 1 0
github.com/tiagofur/solennix-backend/internal/database/migrate.go:87.47,89.5 1 0
github.com/tiagofur/solennix-backend/internal/database/migrate.go:90.4,90.72 1 0
github.com/tiagofur/solennix-backend/internal/database/migrate.go:93.3,93.105 1 0
github.com/tiagofur/solennix-backend/internal/database/migrate.go:93.105,94.47 1 0
github.com/tiagofur/solennix-backend/internal/database/migrate.go:94.47,96.5 1 0
github.com/tiagofur/solennix-backend/internal/database/migrate.go:97.4,97.73 1 0
github.com/tiagofur/solennix-backend/internal/database/migrate.go:100.3,100.40 1 0
github.com/tiagofur/solennix-backend/internal/database/migrate.go:100.40,102.4 1 0
github.com/tiagofur/solennix-backend/internal/database/migrate.go:104.3,104.53 1 0
github.com/tiagofur/solennix-backend/internal/database/migrate.go:107.2,108.12 2 0
github.com/tiagofur/solennix-backend/cmd/server/main.go:22.13,30.16 3 0
github.com/tiagofur/solennix-backend/cmd/server/main.go:30.16,33.3 2 0
github.com/tiagofur/solennix-backend/cmd/server/main.go:36.2,42.16 4 0
github.com/tiagofur/solennix-backend/cmd/server/main.go:42.16,45.3 2 0
github.com/tiagofur/solennix-backend/cmd/server/main.go:46.2,49.47 2 0
github.com/tiagofur/solennix-backend/cmd/server/main.go:49.47,52.3 2 0
github.com/tiagofur/solennix-backend/cmd/server/main.go:55.2,55.35 1 0
github.com/tiagofur/solennix-backend/cmd/server/main.go:55.35,58.17 3 0
github.com/tiagofur/solennix-backend/cmd/server/main.go:58.17,60.4 1 0
github.com/tiagofur/solennix-backend/cmd/server/main.go:64.2,97.12 25 0
github.com/tiagofur/solennix-backend/cmd/server/main.go:97.12,98.23 1 0
github.com/tiagofur/solennix-backend/cmd/server/main.go:98.23,100.18 2 0
github.com/tiagofur/solennix-backend/cmd/server/main.go:100.18,102.5 1 0
github.com/tiagofur/solennix-backend/cmd/server/main.go:102.10,102.24 1 0
github.com/tiagofur/solennix-backend/cmd/server/main.go:102.24,104.5 1 0
github.com/tiagofur/solennix-backend/cmd/server/main.go:106.3,109.22 4 0
github.com/tiagofur/solennix-backend/cmd/server/main.go:109.22,111.4 1 0
github.com/tiagofur/solennix-backend/cmd/server/main.go:115.2,127.12 4 0
github.com/tiagofur/solennix-backend/cmd/server/main.go:127.12,128.77 1 0
github.com/tiagofur/solennix-backend/cmd/server/main.go:128.77,131.4 2 0
github.com/tiagofur/solennix-backend/cmd/server/main.go:134.2,142.42 6 0
github.com/tiagofur/solennix-backend/cmd/server/main.go:142.42,144.3 1 0
github.com/tiagofur/solennix-backend/cmd/server/main.go:146.2,146.29 1 0
github.com/tiagofur/solennix-backend/internal/services/auth_service.go:29.72,34.2 1 1
github.com/tiagofur/solennix-backend/internal/services/auth_service.go:37.69,39.16 2 1
github.com/tiagofur/solennix-backend/internal/services/auth_service.go:39.16,41.3 1 1
github.com/tiagofur/solennix-backend/internal/services/auth_service.go:42.2,42.26 1 1
github.com/tiagofur/solennix-backend/internal/services/auth_service.go:46.65,48.2 1 1
github.com/tiagofur/solennix-backend/internal/services/auth_service.go:51.93,68.16 6 1
github.com/tiagofur/solennix-backend/internal/services/auth_service.go:68.16,70.3 1 0
github.com/tiagofur/solennix-backend/internal/services/auth_service.go:73.2,85.16 4 1
github.com/tiagofur/solennix-backend/internal/services/auth_service.go:85.16,87.3 1 0
github.com/tiagofur/solennix-backend/internal/services/auth_service.go:89.2,93.8 1 1
github.com/tiagofur/solennix-backend/internal/services/auth_service.go:97.90,114.16 6 1
github.com/tiagofur/solennix-backend/internal/services/auth_service.go:114.16,116.3 1 0
github.com/tiagofur/solennix-backend/internal/services/auth_service.go:118.2,118.25 1 1
github.com/tiagofur/solennix-backend/internal/services/auth_service.go:123.76,124.109 1 1
github.com/tiagofur/solennix-backend/internal/services/auth_service.go:124.109,125.58 1 1
github.com/tiagofur/solennix-backend/internal/services/auth_service.go:125.58,127.4 1 1
github.com/tiagofur/solennix-backend/internal/services/auth_service.go:128.3,128.26 1 1
github.com/tiagofur/solennix-backend/internal/services/auth_service.go:131.2,131.16 1 1
github.com/tiagofur/solennix-backend/internal/services/auth_service.go:131.16,133.3 1 1
github.com/tiagofur/solennix-backend/internal/services/auth_service.go:135.2,136.25 2 1
github.com/tiagofur/solennix-backend/internal/services/auth_service.go:136.25,138.3 1 0
github.com/tiagofur/solennix-backend/internal/services/auth_service.go:140.2,140.20 1 1
github.com/tiagofur/solennix-backend/internal/services/auth_service.go:144.79,146.16 2 1
github.com/tiagofur/solennix-backend/internal/services/auth_service.go:146.16,148.3 1 1
github.com/tiagofur/solennix-backend/internal/services/auth_service.go:151.2,151.71 1 1
github.com/tiagofur/solennix-backend/internal/services/auth_service.go:151.71,153.3 1 1
github.com/tiagofur/solennix-backend/internal/services/auth_service.go:155.2,155.20 1 1
github.com/tiagofur/solennix-backend/internal/services/auth_service.go:159.86,161.16 2 1
github.com/tiagofur/solennix-backend/internal/services/auth_service.go:161.16,163.3 1 0
github.com/tiagofur/solennix-backend/internal/services/auth_service.go:165.2,165.33 1 1
github.com/tiagofur/solennix-backend/internal/services/auth_service.go:165.33,167.3 1 1
github.com/tiagofur/solennix-backend/internal/services/auth_service.go:169.2,169.20 1 1
github.com/tiagofur/solennix-backend/internal/services/auth_service.go:173.84,175.16 2 1
github.com/tiagofur/solennix-backend/internal/services/auth_service.go:175.16,177.3 1 1
github.com/tiagofur/solennix-backend/internal/services/auth_service.go:180.2,180.40 1 1
github.com/tiagofur/solennix-backend/internal/services/auth_service.go:180.40,182.3 1 1
github.com/tiagofur/solennix-backend/internal/services/auth_service.go:184.2,184.20 1 1
github.com/tiagofur/solennix-backend/internal/services/email_service.go:17.56,19.2 1 1
github.com/tiagofur/solennix-backend/internal/services/email_service.go:22.79,29.2 4 1
github.com/tiagofur/solennix-backend/internal/services/email_service.go:31.85,139.2 5 1
github.com/tiagofur/solennix-backend/internal/services/email_service.go:141.70,142.30 1 1
github.com/tiagofur/solennix-backend/internal/services/email_service.go:142.30,145.3 2 1
github.com/tiagofur/solennix-backend/internal/services/email_service.go:147.2,157.16 4 1
github.com/tiagofur/solennix-backend/internal/services/email_service.go:157.16,160.3 2 1
github.com/tiagofur/solennix-backend/internal/services/email_service.go:162.2,163.12 2 0
github.com/tiagofur/solennix-backend/internal/services/revenuecat_service.go:23.61,30.2 1 0
github.com/tiagofur/solennix-backend/internal/services/revenuecat_service.go:33.49,35.2 1 0
github.com/tiagofur/solennix-backend/internal/services/revenuecat_service.go:41.127,42.23 1 0
github.com/tiagofur/solennix-backend/internal/services/revenuecat_service.go:42.23,45.3 2 0
github.com/tiagofur/solennix-backend/internal/services/revenuecat_service.go:47.2,53.16 4 0
github.com/tiagofur/solennix-backend/internal/services/revenuecat_service.go:53.16,55.3 1 0
github.com/tiagofur/solennix-backend/internal/services/revenuecat_service.go:57.2,58.16 2 0
github.com/tiagofur/solennix-backend/internal/services/revenuecat_service.go:58.16,60.3 1 0
github.com/tiagofur/solennix-backend/internal/services/revenuecat_service.go:62.2,67.16 5 0
github.com/tiagofur/solennix-backend/internal/services/revenuecat_service.go:67.16,69.3 1 0
github.com/tiagofur/solennix-backend/internal/services/revenuecat_service.go:70.2,72.28 2 0
github.com/tiagofur/solennix-backend/internal/services/revenuecat_service.go:72.28,81.3 3 0
github.com/tiagofur/solennix-backend/internal/services/revenuecat_service.go:83.2,88.12 2 0
github.com/tiagofur/solennix-backend/internal/services/revenuecat_service.go:93.118,94.23 1 0
github.com/tiagofur/solennix-backend/internal/services/revenuecat_service.go:94.23,97.3 2 0
github.com/tiagofur/solennix-backend/internal/services/revenuecat_service.go:99.2,102.16 3 0
github.com/tiagofur/solennix-backend/internal/services/revenuecat_service.go:102.16,104.3 1 0
github.com/tiagofur/solennix-backend/internal/services/revenuecat_service.go:106.2,110.16 4 0
github.com/tiagofur/solennix-backend/internal/services/revenuecat_service.go:110.16,112.3 1 0
github.com/tiagofur/solennix-backend/internal/services/revenuecat_service.go:113.2,115.28 2 0
github.com/tiagofur/solennix-backend/internal/services/revenuecat_service.go:115.28,124.3 3 0
github.com/tiagofur/solennix-backend/internal/services/revenuecat_service.go:126.2,130.12 2 0
